<?xml version="1.0" encoding="UTF-8"?>
<!-- Generated by org.testng.reporters.JUnitReportReporter -->
<testsuite hostname="DESKTOP-MMML4MB" failures="0" tests="2" name="userOnboarding.updateUserProfile" time="2.209" errors="0" timestamp="2022-06-29T20:51:21 IST" skipped="0">
  <testcase classname="userOnboarding.updateUserProfile" name="updateUserPro" time="1.167"/>
  <system-out/>
  <testcase classname="userOnboarding.updateUserProfile" name="updateUserPro_Negative" time="1.042"/>
  <system-out/>
</testsuite> <!-- userOnboarding.updateUserProfile -->
