<?xml version="1.0" encoding="UTF-8"?>
<!-- Generated by org.testng.reporters.JUnitReportReporter -->
<testsuite hostname="DESKTOP-MMML4MB" failures="0" tests="3" name="userOnboarding.verifyEmail" time="4.106" errors="0" timestamp="2022-06-29T20:51:21 IST" skipped="0">
  <testcase classname="userOnboarding.verifyEmail" name="verifyEmail" time="2.190"/>
  <system-out/>
  <testcase classname="userOnboarding.verifyEmail" name="generateToken" time="0.879"/>
  <system-out/>
  <testcase classname="userOnboarding.verifyEmail" name="verifyEmail_Negative" time="1.037"/>
  <system-out/>
</testsuite> <!-- userOnboarding.verifyEmail -->
