<?xml version="1.0" encoding="UTF-8"?>
<!-- Generated by org.testng.reporters.JUnitReportReporter -->
<testsuite hostname="DESKTOP-MMML4MB" failures="0" tests="2" name="userOnboarding.verifyPhoneNum" time="4.616" errors="0" timestamp="2022-06-29T20:51:21 IST" skipped="0">
  <testcase classname="userOnboarding.verifyPhoneNum" name="verifyPhoneNum" time="2.716"/>
  <system-out/>
  <testcase classname="userOnboarding.verifyPhoneNum" name="verifyPhoneNum_Negative" time="1.900"/>
  <system-out/>
</testsuite> <!-- userOnboarding.verifyPhoneNum -->
