<?xml version="1.0" encoding="UTF-8"?>
<!-- Generated by org.testng.reporters.JUnitReportReporter -->
<testsuite hostname="DESKTOP-MMML4MB" failures="0" tests="1" name="userOnboarding.fireBaseAccessToken" time="1.170" errors="0" timestamp="2022-06-27T14:14:54 IST" skipped="0">
  <testcase classname="userOnboarding.fireBaseAccessToken" name="generateToken" time="1.170"/>
  <system-out/>
</testsuite> <!-- userOnboarding.fireBaseAccessToken -->
