<?xml version="1.0" encoding="UTF-8"?>
<!-- Generated by org.testng.reporters.JUnitReportReporter -->
<testsuite hostname="DESKTOP-MMML4MB" failures="0" tests="2" name="userOnboarding.getCurrentUser" time="2.104" errors="0" timestamp="2022-06-29T15:07:01 IST" skipped="0">
  <testcase classname="userOnboarding.getCurrentUser" name="getCurrentUser" time="0.908"/>
  <system-out/>
  <testcase classname="userOnboarding.getCurrentUser" name="getCurrentUser_Negative" time="1.196"/>
  <system-out/>
</testsuite> <!-- userOnboarding.getCurrentUser -->
