<?xml version="1.0" encoding="UTF-8"?>
<!-- Generated by org.testng.reporters.JUnitReportReporter -->
<testsuite hostname="DESKTOP-MMML4MB" failures="0" tests="2" name="userOnboarding.updateEmail" time="2.368" errors="0" timestamp="2022-06-29T15:07:01 IST" skipped="0">
  <testcase classname="userOnboarding.updateEmail" name="updateEmail" time="1.421"/>
  <system-out/>
  <testcase classname="userOnboarding.updateEmail" name="updateEmail_Negative" time="0.947"/>
  <system-out/>
</testsuite> <!-- userOnboarding.updateEmail -->
