<?xml version="1.0" encoding="UTF-8"?>
<!-- Generated by org.testng.reporters.JUnitReportReporter -->
<testsuite hostname="DESKTOP-MMML4MB" failures="0" tests="2" name="userOnboarding.updatePhoneNumber" time="2.055" errors="0" timestamp="2022-06-29T15:07:01 IST" skipped="0">
  <testcase classname="userOnboarding.updatePhoneNumber" name="updatePhone" time="1.069"/>
  <system-out/>
  <testcase classname="userOnboarding.updatePhoneNumber" name="updatePhone_Negative" time="0.986"/>
  <system-out/>
</testsuite> <!-- userOnboarding.updatePhoneNumber -->
