<?xml version="1.0" encoding="UTF-8"?>
<!-- Generated by org.testng.reporters.JUnitReportReporter -->
<testsuite hostname="DESKTOP-MMML4MB" failures="0" tests="2" name="userOnboarding.removePhotoURL" time="1.852" errors="0" timestamp="2022-06-29T15:07:01 IST" skipped="0">
  <testcase classname="userOnboarding.removePhotoURL" name="removePhoto" time="0.926"/>
  <system-out/>
  <testcase classname="userOnboarding.removePhotoURL" name="removePhoto_Negative" time="0.926"/>
  <system-out/>
</testsuite> <!-- userOnboarding.removePhotoURL -->
