<?xml version="1.0" encoding="UTF-8"?>
<!-- Generated by org.testng.reporters.JUnitReportReporter -->
<testsuite hostname="DESKTOP-MMML4MB" failures="0" tests="2" name="userOnboarding.updateUserProfile" time="2.073" errors="0" timestamp="2022-06-29T15:07:01 IST" skipped="0">
  <testcase classname="userOnboarding.updateUserProfile" name="updateUserPro" time="1.140"/>
  <system-out/>
  <testcase classname="userOnboarding.updateUserProfile" name="updateUserPro_Negative" time="0.933"/>
  <system-out/>
</testsuite> <!-- userOnboarding.updateUserProfile -->
