<?xml version="1.0" encoding="UTF-8"?>
<!-- Generated by org.testng.reporters.JUnitReportReporter -->
<testsuite hostname="DESKTOP-MMML4MB" failures="0" tests="3" name="userOnboarding.verifyEmail" time="3.805" errors="0" timestamp="2022-06-29T15:07:01 IST" skipped="0">
  <testcase classname="userOnboarding.verifyEmail" name="verifyEmail" time="1.999"/>
  <system-out/>
  <testcase classname="userOnboarding.verifyEmail" name="generateToken" time="0.802"/>
  <system-out/>
  <testcase classname="userOnboarding.verifyEmail" name="verifyEmail_Negative" time="1.004"/>
  <system-out/>
</testsuite> <!-- userOnboarding.verifyEmail -->
